<?xml version="1.0" encoding="UTF-8"?>
<!-- Generated by org.testng.reporters.JUnitXMLReporter -->
<testsuite ignored="0" hostname="Deths-MacBook-Pro.local" failures="1" tests="9" name="Test" time="0.094" errors="0" timestamp="14 Jun. 2019 16:34:04 GMT">
  <testcase classname="com.testhome.Testing1" name="f" time="0.006"/>
  <testcase classname="com.testhome.Testing1" name="f" time="0.004"/>
  <testcase classname="com.testhome.Testing1" name="test1" time="0.002"/>
  <testcase classname="com.testhome.Testing1" name="test2" time="0.003"/>
  <testcase classname="com.testhome.Testing2" name="test3" time="0.004"/>
  <testcase classname="com.testhome.Testing2" name="test4" time="0.005"/>
  <testcase classname="com.testhome.Testing3" name="homeTest" time="0.003"/>
  <testcase classname="com.testhome.Testing3" name="mainTest" time="0.002">
    <failure type="java.lang.AssertionError" message="expected [abc1] but found [abc]">
      <![CDATA[java.lang.AssertionError: expected [abc1] but found [abc]
at com.testhome.Testing3.mainTest(Testing3.java:25)
... Removed 31 stack frames]]>
    </failure>
  </testcase> <!-- mainTest -->
  <testcase classname="com.testhome.Testing3" name="endTest" time="0.0">
    <skipped/>
  </testcase> <!-- endTest -->
</testsuite> <!-- Test -->
