<?xml version="1.0" encoding="UTF-8"?>
<!-- Generated by org.testng.reporters.JUnitReportReporter -->
<testsuite hostname="Deths-MacBook-Pro.local" failures="0" tests="7" name="com.extentReporthome.BasicExtentReport" time="0.000" errors="1" timestamp="01 Jun. 2019 16:50:43 GMT" skipped="6">
  <testcase classname="com.extentReporthome.BasicExtentReport" name="testCase1" time="0.000">
    <skipped/>
  </testcase> <!-- testCase1 -->
  <testcase classname="com.extentReporthome.BasicExtentReport" name="testCase3" time="0.000">
    <skipped/>
  </testcase> <!-- testCase3 -->
  <testcase classname="com.extentReporthome.BasicExtentReport" name="testCase4" time="0.000">
    <skipped/>
  </testcase> <!-- testCase4 -->
  <testcase classname="com.extentReporthome.BasicExtentReport" name="startReport" time="0.000">
    <error message="
Parameter &#039;OS&#039; is required by BeforeTest on method startReport but has not been marked @Optional or defined
in /Users/Deth/Desktop/Selenium/Selenium_Workspace/MavenPractice/testng.xml" type="org.testng.TestNGException">
      <![CDATA[org.testng.TestNGException: 
Parameter 'OS' is required by BeforeTest on method startReport but has not been marked @Optional or defined
in /Users/Deth/Desktop/Selenium/Selenium_Workspace/MavenPractice/testng.xml
at org.testng.internal.Parameters.createParams(Parameters.java:290)
at org.testng.internal.Parameters.createParametersForMethod(Parameters.java:359)
at org.testng.internal.Parameters.createParameters(Parameters.java:620)
at org.testng.internal.Parameters.createConfigurationParameters(Parameters.java:190)
at org.testng.internal.Invoker.invokeConfigurations(Invoker.java:209)
at org.testng.internal.Invoker.invokeConfigurations(Invoker.java:142)
at org.testng.TestRunner.beforeRun(TestRunner.java:529)
at org.testng.TestRunner.run(TestRunner.java:497)
at org.testng.SuiteRunner.runTest(SuiteRunner.java:455)
at org.testng.SuiteRunner.runSequentially(SuiteRunner.java:450)
at org.testng.SuiteRunner.privateRun(SuiteRunner.java:415)
at org.testng.SuiteRunner.run(SuiteRunner.java:364)
at org.testng.SuiteRunnerWorker.runSuite(SuiteRunnerWorker.java:52)
at org.testng.SuiteRunnerWorker.run(SuiteRunnerWorker.java:84)
at org.testng.TestNG.runSuitesSequentially(TestNG.java:1208)
at org.testng.TestNG.runSuitesLocally(TestNG.java:1137)
at org.testng.TestNG.runSuites(TestNG.java:1049)
at org.testng.TestNG.run(TestNG.java:1017)
at org.testng.remote.AbstractRemoteTestNG.run(AbstractRemoteTestNG.java:115)
at org.testng.remote.RemoteTestNG.initAndRun(RemoteTestNG.java:251)
at org.testng.remote.RemoteTestNG.main(RemoteTestNG.java:77)
]]>
    </error>
  </testcase> <!-- startReport -->
  <testcase classname="com.extentReporthome.BasicExtentReport" name="testCase2" time="0.000">
    <skipped/>
  </testcase> <!-- testCase2 -->
  <testcase classname="com.extentReporthome.BasicExtentReport" name="testCase5" time="0.000">
    <skipped/>
  </testcase> <!-- testCase5 -->
  <testcase classname="com.extentReporthome.BasicExtentReport" name="testCase6">
    <skipped/>
  </testcase> <!-- testCase6 -->
</testsuite> <!-- com.extentReporthome.BasicExtentReport -->
