<?xml version="1.0" encoding="UTF-8"?>
<testng-results ignored="0" total="9" passed="7" failed="1" skipped="1">
  <reporter-output>
  </reporter-output>
  <suite started-at="2019-06-14T16:34:04Z" name="Suite" finished-at="2019-06-14T16:34:04Z" duration-ms="94">
    <groups>
      <group name="smoke">
        <method signature="Testing3.homeTest()[pri:1, instance:com.testhome.Testing3@623a8092]" name="homeTest" class="com.testhome.Testing3"/>
        <method signature="Testing3.mainTest()[pri:2, instance:com.testhome.Testing3@623a8092]" name="mainTest" class="com.testhome.Testing3"/>
      </group> <!-- smoke -->
      <group name="xyz">
        <method signature="Testing3.endTest()[pri:3, instance:com.testhome.Testing3@623a8092]" name="endTest" class="com.testhome.Testing3"/>
      </group> <!-- xyz -->
      <group name="sanity">
        <method signature="Testing3.mainTest()[pri:2, instance:com.testhome.Testing3@623a8092]" name="mainTest" class="com.testhome.Testing3"/>
      </group> <!-- sanity -->
    </groups>
    <test started-at="2019-06-14T16:34:04Z" name="Test" finished-at="2019-06-14T16:34:04Z" duration-ms="94">
      <class name="com.testhome.Testing2">
        <test-method signature="test3()[pri:0, instance:com.testhome.Testing2@548e6d58]" started-at="2019-06-14T16:34:04Z" name="test3" finished-at="2019-06-14T16:34:04Z" duration-ms="4" status="PASS">
          <reporter-output>
          </reporter-output>
        </test-method> <!-- test3 -->
        <test-method signature="test4()[pri:0, instance:com.testhome.Testing2@548e6d58]" started-at="2019-06-14T16:34:04Z" name="test4" finished-at="2019-06-14T16:34:04Z" duration-ms="5" status="PASS">
          <reporter-output>
          </reporter-output>
        </test-method> <!-- test4 -->
      </class> <!-- com.testhome.Testing2 -->
      <class name="com.testhome.Testing3">
        <test-method signature="homeTest()[pri:1, instance:com.testhome.Testing3@623a8092]" started-at="2019-06-14T16:34:04Z" name="homeTest" finished-at="2019-06-14T16:34:04Z" duration-ms="3" status="PASS">
          <reporter-output>
          </reporter-output>
        </test-method> <!-- homeTest -->
        <test-method signature="mainTest()[pri:2, instance:com.testhome.Testing3@623a8092]" started-at="2019-06-14T16:34:04Z" name="mainTest" finished-at="2019-06-14T16:34:04Z" depends-on-methods="com.testhome.Testing3.homeTest" duration-ms="2" status="FAIL">
          <exception class="java.lang.AssertionError">
            <message>
              <![CDATA[expected [abc1] but found [abc]]]>
            </message>
            <full-stacktrace>
              <![CDATA[java.lang.AssertionError: expected [abc1] but found [abc]
at org.testng.Assert.fail(Assert.java:96)
at org.testng.Assert.failNotEquals(Assert.java:776)
at org.testng.Assert.assertEqualsImpl(Assert.java:137)
at org.testng.Assert.assertEquals(Assert.java:118)
at org.testng.Assert.assertEquals(Assert.java:453)
at org.testng.Assert.assertEquals(Assert.java:463)
at com.testhome.Testing3.mainTest(Testing3.java:25)
at java.base/jdk.internal.reflect.NativeMethodAccessorImpl.invoke0(Native Method)
at java.base/jdk.internal.reflect.NativeMethodAccessorImpl.invoke(NativeMethodAccessorImpl.java:62)
at java.base/jdk.internal.reflect.DelegatingMethodAccessorImpl.invoke(DelegatingMethodAccessorImpl.java:43)
at java.base/java.lang.reflect.Method.invoke(Method.java:566)
at org.testng.internal.MethodInvocationHelper.invokeMethod(MethodInvocationHelper.java:124)
at org.testng.internal.Invoker.invokeMethod(Invoker.java:583)
at org.testng.internal.Invoker.invokeTestMethod(Invoker.java:719)
at org.testng.internal.Invoker.invokeTestMethods(Invoker.java:989)
at org.testng.internal.TestMethodWorker.invokeTestMethods(TestMethodWorker.java:125)
at org.testng.internal.TestMethodWorker.run(TestMethodWorker.java:109)
at org.testng.TestRunner.privateRun(TestRunner.java:648)
at org.testng.TestRunner.run(TestRunner.java:505)
at org.testng.SuiteRunner.runTest(SuiteRunner.java:455)
at org.testng.SuiteRunner.runSequentially(SuiteRunner.java:450)
at org.testng.SuiteRunner.privateRun(SuiteRunner.java:415)
at org.testng.SuiteRunner.run(SuiteRunner.java:364)
at org.testng.SuiteRunnerWorker.runSuite(SuiteRunnerWorker.java:52)
at org.testng.SuiteRunnerWorker.run(SuiteRunnerWorker.java:84)
at org.testng.TestNG.runSuitesSequentially(TestNG.java:1208)
at org.testng.TestNG.runSuitesLocally(TestNG.java:1137)
at org.testng.TestNG.runSuites(TestNG.java:1049)
at org.testng.TestNG.run(TestNG.java:1017)
at org.testng.remote.AbstractRemoteTestNG.run(AbstractRemoteTestNG.java:115)
at org.testng.remote.RemoteTestNG.initAndRun(RemoteTestNG.java:251)
at org.testng.remote.RemoteTestNG.main(RemoteTestNG.java:77)
]]>
            </full-stacktrace>
          </exception> <!-- java.lang.AssertionError -->
          <reporter-output>
          </reporter-output>
        </test-method> <!-- mainTest -->
        <test-method signature="endTest()[pri:3, instance:com.testhome.Testing3@623a8092]" started-at="2019-06-14T16:34:04Z" name="endTest" finished-at="2019-06-14T16:34:04Z" depends-on-methods="com.testhome.Testing3.mainTest" duration-ms="0" status="SKIP">
          <exception class="java.lang.Throwable">
            <message>
              <![CDATA[Method Testing3.endTest()[pri:3, instance:com.testhome.Testing3@623a8092] depends on not successfully finished methods]]>
            </message>
            <full-stacktrace>
              <![CDATA[java.lang.Throwable: Method Testing3.endTest()[pri:3, instance:com.testhome.Testing3@623a8092] depends on not successfully finished methods
at org.testng.internal.Invoker.invokeTestMethods(Invoker.java:888)
at org.testng.internal.TestMethodWorker.invokeTestMethods(TestMethodWorker.java:125)
at org.testng.internal.TestMethodWorker.run(TestMethodWorker.java:109)
at org.testng.TestRunner.privateRun(TestRunner.java:648)
at org.testng.TestRunner.run(TestRunner.java:505)
at org.testng.SuiteRunner.runTest(SuiteRunner.java:455)
at org.testng.SuiteRunner.runSequentially(SuiteRunner.java:450)
at org.testng.SuiteRunner.privateRun(SuiteRunner.java:415)
at org.testng.SuiteRunner.run(SuiteRunner.java:364)
at org.testng.SuiteRunnerWorker.runSuite(SuiteRunnerWorker.java:52)
at org.testng.SuiteRunnerWorker.run(SuiteRunnerWorker.java:84)
at org.testng.TestNG.runSuitesSequentially(TestNG.java:1208)
at org.testng.TestNG.runSuitesLocally(TestNG.java:1137)
at org.testng.TestNG.runSuites(TestNG.java:1049)
at org.testng.TestNG.run(TestNG.java:1017)
at org.testng.remote.AbstractRemoteTestNG.run(AbstractRemoteTestNG.java:115)
at org.testng.remote.RemoteTestNG.initAndRun(RemoteTestNG.java:251)
at org.testng.remote.RemoteTestNG.main(RemoteTestNG.java:77)
]]>
            </full-stacktrace>
          </exception> <!-- java.lang.Throwable -->
          <reporter-output>
          </reporter-output>
        </test-method> <!-- endTest -->
      </class> <!-- com.testhome.Testing3 -->
      <class name="com.testhome.Testing1">
        <test-method is-config="true" signature="beforeSuite()[pri:0, instance:com.testhome.Testing1@2f465398]" started-at="2019-06-14T16:34:04Z" name="beforeSuite" finished-at="2019-06-14T16:34:04Z" duration-ms="14" status="PASS">
          <reporter-output>
          </reporter-output>
        </test-method> <!-- beforeSuite -->
        <test-method is-config="true" signature="beforeTest()[pri:0, instance:com.testhome.Testing1@2f465398]" started-at="2019-06-14T16:34:04Z" name="beforeTest" finished-at="2019-06-14T16:34:04Z" duration-ms="1" status="PASS">
          <reporter-output>
          </reporter-output>
        </test-method> <!-- beforeTest -->
        <test-method is-config="true" signature="beforeClass()[pri:0, instance:com.testhome.Testing1@2f465398]" started-at="2019-06-14T16:34:04Z" name="beforeClass" finished-at="2019-06-14T16:34:04Z" duration-ms="1" status="PASS">
          <reporter-output>
          </reporter-output>
        </test-method> <!-- beforeClass -->
        <test-method signature="f(java.lang.Integer, java.lang.String)[pri:0, instance:com.testhome.Testing1@2f465398]" started-at="2019-06-14T16:34:04Z" name="f" data-provider="dp" finished-at="2019-06-14T16:34:04Z" duration-ms="6" status="PASS">
          <params>
            <param index="0">
              <value>
                <![CDATA[1]]>
              </value>
            </param>
            <param index="1">
              <value>
                <![CDATA[a]]>
              </value>
            </param>
          </params>
          <reporter-output>
          </reporter-output>
        </test-method> <!-- f -->
        <test-method is-config="true" signature="beforeMethod()[pri:0, instance:com.testhome.Testing1@2f465398]" started-at="2019-06-14T16:34:04Z" name="beforeMethod" finished-at="2019-06-14T16:34:04Z" duration-ms="0" status="PASS">
          <reporter-output>
          </reporter-output>
        </test-method> <!-- beforeMethod -->
        <test-method is-config="true" signature="afterMethod()[pri:0, instance:com.testhome.Testing1@2f465398]" started-at="2019-06-14T16:34:04Z" name="afterMethod" finished-at="2019-06-14T16:34:04Z" duration-ms="1" status="PASS">
          <reporter-output>
          </reporter-output>
        </test-method> <!-- afterMethod -->
        <test-method is-config="true" signature="beforeMethod()[pri:0, instance:com.testhome.Testing1@2f465398]" started-at="2019-06-14T16:34:04Z" name="beforeMethod" finished-at="2019-06-14T16:34:04Z" duration-ms="1" status="PASS">
          <reporter-output>
          </reporter-output>
        </test-method> <!-- beforeMethod -->
        <test-method signature="f(java.lang.Integer, java.lang.String)[pri:0, instance:com.testhome.Testing1@2f465398]" started-at="2019-06-14T16:34:04Z" name="f" data-provider="dp" finished-at="2019-06-14T16:34:04Z" duration-ms="4" status="PASS">
          <params>
            <param index="0">
              <value>
                <![CDATA[2]]>
              </value>
            </param>
            <param index="1">
              <value>
                <![CDATA[b]]>
              </value>
            </param>
          </params>
          <reporter-output>
          </reporter-output>
        </test-method> <!-- f -->
        <test-method is-config="true" signature="afterMethod()[pri:0, instance:com.testhome.Testing1@2f465398]" started-at="2019-06-14T16:34:04Z" name="afterMethod" finished-at="2019-06-14T16:34:04Z" duration-ms="0" status="PASS">
          <reporter-output>
          </reporter-output>
        </test-method> <!-- afterMethod -->
        <test-method is-config="true" signature="beforeMethod()[pri:0, instance:com.testhome.Testing1@2f465398]" started-at="2019-06-14T16:34:04Z" name="beforeMethod" finished-at="2019-06-14T16:34:04Z" duration-ms="0" status="PASS">
          <reporter-output>
          </reporter-output>
        </test-method> <!-- beforeMethod -->
        <test-method signature="test1()[pri:0, instance:com.testhome.Testing1@2f465398]" started-at="2019-06-14T16:34:04Z" name="test1" finished-at="2019-06-14T16:34:04Z" duration-ms="2" status="PASS">
          <reporter-output>
          </reporter-output>
        </test-method> <!-- test1 -->
        <test-method is-config="true" signature="afterMethod()[pri:0, instance:com.testhome.Testing1@2f465398]" started-at="2019-06-14T16:34:04Z" name="afterMethod" finished-at="2019-06-14T16:34:04Z" duration-ms="0" status="PASS">
          <reporter-output>
          </reporter-output>
        </test-method> <!-- afterMethod -->
        <test-method signature="test2()[pri:0, instance:com.testhome.Testing1@2f465398]" started-at="2019-06-14T16:34:04Z" name="test2" finished-at="2019-06-14T16:34:04Z" duration-ms="3" status="PASS">
          <reporter-output>
          </reporter-output>
        </test-method> <!-- test2 -->
        <test-method is-config="true" signature="beforeMethod()[pri:0, instance:com.testhome.Testing1@2f465398]" started-at="2019-06-14T16:34:04Z" name="beforeMethod" finished-at="2019-06-14T16:34:04Z" duration-ms="0" status="PASS">
          <reporter-output>
          </reporter-output>
        </test-method> <!-- beforeMethod -->
        <test-method is-config="true" signature="afterMethod()[pri:0, instance:com.testhome.Testing1@2f465398]" started-at="2019-06-14T16:34:04Z" name="afterMethod" finished-at="2019-06-14T16:34:04Z" duration-ms="0" status="PASS">
          <reporter-output>
          </reporter-output>
        </test-method> <!-- afterMethod -->
        <test-method is-config="true" signature="afterClass()[pri:0, instance:com.testhome.Testing1@2f465398]" started-at="2019-06-14T16:34:04Z" name="afterClass" finished-at="2019-06-14T16:34:04Z" duration-ms="1" status="PASS">
          <reporter-output>
          </reporter-output>
        </test-method> <!-- afterClass -->
        <test-method is-config="true" signature="afterTest()[pri:0, instance:com.testhome.Testing1@2f465398]" started-at="2019-06-14T16:34:04Z" name="afterTest" finished-at="2019-06-14T16:34:04Z" duration-ms="0" status="PASS">
          <reporter-output>
          </reporter-output>
        </test-method> <!-- afterTest -->
        <test-method is-config="true" signature="afterSuite()[pri:0, instance:com.testhome.Testing1@2f465398]" started-at="2019-06-14T16:34:04Z" name="afterSuite" finished-at="2019-06-14T16:34:04Z" duration-ms="2" status="PASS">
          <reporter-output>
          </reporter-output>
        </test-method> <!-- afterSuite -->
      </class> <!-- com.testhome.Testing1 -->
    </test> <!-- Test -->
  </suite> <!-- Suite -->
</testng-results>
